TN:
SF:src\buildDiffList.js
FN:13,(anonymous_0)
FN:17,(anonymous_1)
FNF:2
FNH:2
FNDA:5,(anonymous_0)
FNDA:18,(anonymous_1)
DA:13,1
DA:15,5
DA:16,5
DA:17,5
DA:18,18
DA:19,5
DA:21,13
DA:22,2
DA:24,11
DA:25,4
DA:27,7
DA:28,4
DA:32,3
DA:33,3
DA:35,0
LF:15
LH:14
BRDA:18,0,0,5
BRDA:18,0,1,13
BRDA:21,1,0,2
BRDA:21,1,1,11
BRDA:24,2,0,4
BRDA:24,2,1,7
BRDA:24,3,0,11
BRDA:24,3,1,5
BRDA:27,4,0,4
BRDA:27,4,1,3
BRDA:32,5,0,3
BRDA:32,5,1,0
BRF:12
BRH:11
end_of_record
TN:
SF:src\parsers.js
FN:3,(anonymous_0)
FNF:1
FNH:1
FNDA:2,(anonymous_0)
DA:3,1
DA:4,2
DA:5,2
DA:7,0
DA:8,0
DA:10,0
LF:6
LH:3
BRDA:4,0,0,2
BRDA:4,0,1,0
BRDA:7,1,0,0
BRDA:7,1,1,0
BRDA:7,2,0,0
BRDA:7,2,1,0
BRF:6
BRH:1
end_of_record
TN:
SF:src\runComparison.js
FN:6,(anonymous_0)
FNF:1
FNH:1
FNDA:1,(anonymous_0)
DA:6,1
DA:7,1
DA:8,1
DA:10,1
DA:11,1
DA:13,1
DA:14,1
DA:15,1
DA:16,1
DA:17,1
LF:10
LH:10
BRF:0
BRH:0
end_of_record
TN:
SF:src\utils.js
FN:5,(anonymous_0)
FN:8,(anonymous_1)
FN:11,(anonymous_2)
FNF:3
FNH:3
FNDA:2,(anonymous_0)
FNDA:5,(anonymous_1)
FNDA:2,(anonymous_2)
DA:5,2
DA:8,5
DA:11,2
LF:3
LH:3
BRF:0
BRH:0
end_of_record
TN:
SF:src\formatters\index.js
FN:5,(anonymous_0)
FNF:1
FNH:1
FNDA:1,(anonymous_0)
DA:5,1
DA:6,1
DA:8,0
DA:10,1
DA:12,0
DA:14,0
LF:6
LH:3
BRDA:6,0,0,0
BRDA:6,0,1,1
BRDA:6,0,2,0
BRDA:6,0,3,0
BRF:4
BRH:1
end_of_record
TN:
SF:src\formatters\json.js
FN:1,(anonymous_0)
FNF:1
FNH:0
FNDA:0,(anonymous_0)
DA:1,1
LF:1
LH:1
BRF:0
BRH:0
end_of_record
TN:
SF:src\formatters\plain.js
FN:1,(anonymous_0)
FN:2,(anonymous_1)
FN:12,(anonymous_2)
FN:14,(anonymous_3)
FN:15,(anonymous_4)
FNF:5
FNH:5
FNDA:1,(anonymous_0)
FNDA:13,(anonymous_1)
FNDA:5,(anonymous_2)
FNDA:18,(anonymous_3)
FNDA:15,(anonymous_4)
DA:1,1
DA:2,1
DA:3,13
DA:4,3
DA:6,10
DA:7,7
DA:9,3
DA:12,1
DA:13,5
DA:14,18
DA:16,15
DA:17,15
DA:19,5
DA:21,2
DA:23,4
DA:25,4
DA:27,0
DA:30,5
DA:32,1
LF:19
LH:18
BRDA:3,0,0,3
BRDA:3,0,1,10
BRDA:3,1,0,13
BRDA:3,1,1,4
BRDA:6,2,0,7
BRDA:6,2,1,3
BRDA:12,3,0,1
BRDA:16,4,0,11
BRDA:16,4,1,4
BRDA:17,5,0,5
BRDA:17,5,1,2
BRDA:17,5,2,4
BRDA:17,5,3,4
BRDA:17,5,4,0
BRF:14
BRH:13
end_of_record
TN:
SF:src\formatters\stylish.js
FN:1,(anonymous_0)
FN:2,(anonymous_1)
FN:3,(anonymous_2)
FN:8,(anonymous_3)
FN:12,(anonymous_4)
FNF:5
FNH:0
FNDA:0,(anonymous_0)
FNDA:0,(anonymous_1)
FNDA:0,(anonymous_2)
FNDA:0,(anonymous_3)
FNDA:0,(anonymous_4)
DA:1,1
DA:2,0
DA:3,0
DA:4,0
DA:5,0
DA:7,0
DA:8,0
DA:9,0
DA:11,0
DA:12,0
DA:13,0
DA:14,0
DA:16,0
DA:17,0
DA:19,0
DA:20,0
DA:25,0
DA:26,0
DA:32,0
DA:33,0
DA:35,0
DA:38,0
DA:40,0
LF:23
LH:1
BRDA:4,0,0,0
BRDA:4,0,1,0
BRDA:4,1,0,0
BRDA:4,1,1,0
BRDA:13,2,0,0
BRDA:13,2,1,0
BRDA:16,3,0,0
BRDA:16,3,1,0
BRDA:19,4,0,0
BRDA:19,4,1,0
BRDA:25,5,0,0
BRDA:25,5,1,0
BRDA:32,6,0,0
BRDA:32,6,1,0
BRF:14
BRH:0
end_of_record
